<?xml version="1.0" encoding="UTF-8"?>
<!-- Generated by org.testng.reporters.JUnitReportReporter -->
<testsuite hostname="DHANUSHDANDK" failures="0" tests="1" name="ChubbSmokeTest" time="6.613" errors="0" timestamp="7 Dec 2020 04:16:46 GMT">
  <testcase classname="ChubbSmokeTest" name="BCWSPolicyDetailsOne" time="6.613"/>
</testsuite> <!-- ChubbSmokeTest -->
